[INFO] 02-06-2023 01:01:11 [WebDriverManager] - Using chromedriver 113.0.5672.63 (resolved driver for Chrome 113)
[INFO] 02-06-2023 01:01:11 [WebDriverManager] - Exporting webdriver.chrome.driver as C:\Users\Admin\.cache\selenium\chromedriver\win32\113.0.5672.63\chromedriver.exe
[INFO] 02-06-2023 01:01:22 [Log] - Verify element visible By.id: email
[INFO] 02-06-2023 01:01:22 [Log] - Clear value in textbox By.id: email
[INFO] 02-06-2023 01:01:22 [Log] - Verify element visible By.id: email
[INFO] 02-06-2023 01:01:23 [Log] - Set text admin@demo.com on By.id: email
[INFO] 02-06-2023 01:01:23 [Log] - Verify element visible By.id: password
[INFO] 02-06-2023 01:01:23 [Log] - Clear value in textbox By.id: password
[INFO] 02-06-2023 01:01:23 [Log] - Verify element visible By.id: password
[INFO] 02-06-2023 01:01:23 [Log] - Set text riseDemo on By.id: password
[INFO] 02-06-2023 01:01:23 [Log] - Verify element visible By.xpath: //button[normalize-space()='Sign in']
[INFO] 02-06-2023 01:01:27 [Log] - Click on element By.xpath: //button[normalize-space()='Sign in']
[INFO] 02-06-2023 01:01:29 [Log] - Verify element visible By.xpath: //span[contains(text(),'Clients')]
[INFO] 02-06-2023 01:01:30 [Log] - Click on element By.xpath: //span[contains(text(),'Clients')]
[INFO] 02-06-2023 01:01:32 [Log] - Verify element visible By.xpath: //a[contains(text(),'Clients')]
[INFO] 02-06-2023 01:01:32 [Log] - Click on element By.xpath: //a[contains(text(),'Clients')]
[INFO] 02-06-2023 01:01:36 [Log] - Verify element visible By.xpath: //a[normalize-space()='Add client']
[INFO] 02-06-2023 01:01:37 [Log] - Click on element By.xpath: //a[normalize-space()='Add client']
[INFO] 02-06-2023 01:01:37 [Log] - Verify element visible By.xpath: //input[@id='company_name']
[INFO] 02-06-2023 01:01:37 [Log] - Set text hanh on By.xpath: //input[@id='company_name']
[INFO] 02-06-2023 01:01:37 [Log] - Verify element visible By.xpath: //div[@id='s2id_created_by']
[INFO] 02-06-2023 01:01:38 [Log] - Click on element By.xpath: //div[@id='s2id_created_by']
[INFO] 02-06-2023 01:01:38 [Log] - Verify element visible By.xpath: //div[@id='select2-drop']//input
[INFO] 02-06-2023 01:01:38 [Log] - Set text Mark Thomas on By.xpath: //div[@id='select2-drop']//input
[INFO] 02-06-2023 01:01:38 [Log] - Verify element visible By.xpath: (//div[contains(@id,'select2-result-label')])[1]
[INFO] 02-06-2023 01:01:38 [Log] - Click on element By.xpath: (//div[contains(@id,'select2-result-label')])[1]
[INFO] 02-06-2023 01:01:38 [Log] - Verify element visible By.xpath: //textarea[@id='address']
[INFO] 02-06-2023 01:01:38 [Log] - Set text Hung Yen on By.xpath: //textarea[@id='address']
[INFO] 02-06-2023 01:01:39 [Log] - Verify element visible By.xpath: //input[@id='city']
[INFO] 02-06-2023 01:01:39 [Log] - Set text Hung Yen on By.xpath: //input[@id='city']
[INFO] 02-06-2023 01:01:39 [Log] - Verify element visible By.xpath: //input[@id='state']
[INFO] 02-06-2023 01:01:39 [Log] - Set text Phuong Chieu on By.xpath: //input[@id='state']
[INFO] 02-06-2023 01:01:39 [Log] - Verify element visible By.xpath: //input[@id='zip']
[INFO] 02-06-2023 01:01:39 [Log] - Set text 870000 on By.xpath: //input[@id='zip']
[INFO] 02-06-2023 01:01:39 [Log] - Verify element visible By.xpath: //input[@id='country']
[INFO] 02-06-2023 01:01:40 [Log] - Set text Vietnam on By.xpath: //input[@id='country']
[INFO] 02-06-2023 01:01:40 [Log] - Verify element visible By.xpath: //input[@id='phone']
[INFO] 02-06-2023 01:01:40 [Log] - Set text 0939206009 on By.xpath: //input[@id='phone']
[INFO] 02-06-2023 01:01:40 [Log] - Verify element visible By.xpath: //input[@id='website']
[INFO] 02-06-2023 01:01:40 [Log] - Set text https://rise.fairsketch.com/ on By.xpath: //input[@id='website']
[INFO] 02-06-2023 01:01:42 [Log] - Scroll to element By.xpath: //input[@id='vat_number']
[INFO] 02-06-2023 01:01:42 [Log] - Set text 10 on By.xpath: //input[@id='vat_number']
[INFO] 02-06-2023 01:01:42 [Log] - Verify element visible By.xpath: (//label[normalize-space()='Client groups']/following-sibling::div//input)[1]
[INFO] 02-06-2023 01:01:42 [Log] - Set text VIP on By.xpath: (//label[normalize-space()='Client groups']/following-sibling::div//input)[1]
[INFO] 02-06-2023 01:01:42 [Log] - Verify element visible By.xpath: //span[@class='select2-match']
[INFO] 02-06-2023 01:01:42 [Log] - Click on element By.xpath: //span[@class='select2-match']
[INFO] 02-06-2023 01:01:43 [Log] - Verify element visible By.xpath: //div[@id='ajaxModalContent']//button[normalize-space()='Save']
[INFO] 02-06-2023 01:01:43 [Log] - Click on element By.xpath: //div[@id='ajaxModalContent']//button[normalize-space()='Save']
[INFO] 02-06-2023 01:01:47 [Log] - Verify element visible By.xpath: //div[@id='client-table_length']//a
[INFO] 02-06-2023 01:01:47 [Log] - Click on element By.xpath: //div[@id='client-table_length']//a
[INFO] 02-06-2023 01:01:47 [Log] - Verify element visible By.xpath: //div[@id='select2-drop']//ul//li[normalize-space()='All']
[INFO] 02-06-2023 01:01:47 [Log] - Click on element By.xpath: //div[@id='select2-drop']//ul//li[normalize-space()='All']
[INFO] 02-06-2023 01:01:50 [Log] - Verify element visible By.xpath: //input[@placeholder='Search']
[INFO] 02-06-2023 01:01:50 [Log] - Clear value in textbox By.xpath: //input[@placeholder='Search']
[INFO] 02-06-2023 01:01:50 [Log] - Verify element visible By.xpath: //input[@placeholder='Search']
[INFO] 02-06-2023 01:01:50 [Log] - Set text hanh on By.xpath: //input[@placeholder='Search']
[INFO] 02-06-2023 01:01:54 [Log] - The number of records found: 1
[INFO] 02-06-2023 01:01:54 [Log] - Scroll to element [[ChromeDriver: chrome on WINDOWS (f6296e8b8665c72efda81d36fc77c1c0)] -> xpath: //table//tbody/tr[1]/td[2]/a]
[INFO] 02-06-2023 01:01:54 [Log] - hanh - data exists!
[INFO] 02-06-2023 01:01:55 [Log] - click record: hanh
[INFO] 02-06-2023 01:01:59 [Log] - Verify element visible By.xpath: //a[normalize-space()='Client info']
[INFO] 02-06-2023 01:01:59 [Log] - Click on element By.xpath: //a[normalize-space()='Client info']
[INFO] 02-06-2023 01:02:01 [Log] - Verify element visible By.xpath: //input[@id='type_organization']
[INFO] 02-06-2023 01:02:01 [Log] - Verify element visible By.xpath: //input[@id='company_name']
[INFO] 02-06-2023 01:02:02 [Log] - Verify element visible By.xpath: //div[@id='s2id_created_by']//a[@class='select2-choice']/span[1]
[INFO] 02-06-2023 01:02:02 [Log] - Verify element visible By.xpath: //div[@id='s2id_created_by']//a[@class='select2-choice']/span[1]
[INFO] 02-06-2023 01:02:02 [Log] - Verify text of an element [Equals]: true
[INFO] 02-06-2023 01:02:02 [Log] - Verify element visible By.xpath: //div[@id='s2id_created_by']//a[@class='select2-choice']/span[1]
[INFO] 02-06-2023 01:02:02 [Log] - Verify element visible By.xpath: //div[@id='s2id_created_by']//a[@class='select2-choice']/span[1]
[INFO] 02-06-2023 01:02:02 [Log] - Verify element visible By.xpath: //textarea[@id='address']
[INFO] 02-06-2023 01:02:02 [Log] - Verify element visible By.xpath: //textarea[@id='address']
[WARN] 02-06-2023 01:02:03 [Log] - Verify text of an element [Equals]: false
[INFO] 02-06-2023 01:02:03 [Log] - Verify element visible By.xpath: //textarea[@id='address']
[INFO] 02-06-2023 01:02:03 [Log] - Verify element visible By.xpath: //textarea[@id='address']
[INFO] 02-06-2023 01:02:03 [Log] - Verify element visible By.xpath: //textarea[@id='address']
[ERROR] 02-06-2023 01:02:03 [Log] - The actual text is 'Hung Yen' not equals '0939206009'
[INFO] 02-06-2023 01:02:03 [Log] - Verify element visible By.xpath: //textarea[@id='address']
[INFO] 02-06-2023 01:02:05 [Log] - Scroll to element By.xpath: //input[@id='city']
[INFO] 02-06-2023 01:02:05 [Log] - Verify element visible By.xpath: //input[@id='state']
[INFO] 02-06-2023 01:02:05 [Log] - Verify element visible By.xpath: //input[@id='zip']
[INFO] 02-06-2023 01:02:05 [Log] - Verify element visible By.xpath: //input[@id='country']
[INFO] 02-06-2023 01:02:06 [Log] - Verify element visible By.xpath: //input[@id='phone']
[INFO] 02-06-2023 01:02:06 [Log] - Verify element visible By.xpath: //input[@id='website']
[INFO] 02-06-2023 01:02:06 [Log] - Verify element visible By.xpath: //input[@id='vat_number']
[INFO] 02-06-2023 01:02:07 [Log] - Verify element visible By.xpath: //li[@class='select2-search-choice']/div
[INFO] 02-06-2023 01:02:07 [Log] - Verify element visible By.xpath: //li[@class='select2-search-choice']/div
[INFO] 02-06-2023 01:02:07 [Log] - Verify text of an element [Equals]: true
[INFO] 02-06-2023 01:02:07 [Log] - Verify element visible By.xpath: //li[@class='select2-search-choice']/div
[INFO] 02-06-2023 01:02:07 [Log] - Verify element visible By.xpath: //li[@class='select2-search-choice']/div
[INFO] 02-06-2023 01:02:08 [WebDriverManager] - Using chromedriver 113.0.5672.63 (resolved driver for Chrome 113)
[INFO] 02-06-2023 01:02:08 [WebDriverManager] - Exporting webdriver.chrome.driver as C:\Users\Admin\.cache\selenium\chromedriver\win32\113.0.5672.63\chromedriver.exe
[INFO] 02-06-2023 01:02:18 [Log] - Verify element visible By.id: email
[INFO] 02-06-2023 01:02:18 [Log] - Clear value in textbox By.id: email
[INFO] 02-06-2023 01:02:18 [Log] - Verify element visible By.id: email
[INFO] 02-06-2023 01:02:19 [Log] - Set text admin@demo.com on By.id: email
[INFO] 02-06-2023 01:02:19 [Log] - Verify element visible By.id: password
[INFO] 02-06-2023 01:02:19 [Log] - Clear value in textbox By.id: password
[INFO] 02-06-2023 01:02:19 [Log] - Verify element visible By.id: password
[INFO] 02-06-2023 01:02:19 [Log] - Set text riseDemo on By.id: password
[INFO] 02-06-2023 01:02:19 [Log] - Verify element visible By.xpath: //button[normalize-space()='Sign in']
[INFO] 02-06-2023 01:02:22 [Log] - Click on element By.xpath: //button[normalize-space()='Sign in']
[INFO] 02-06-2023 01:02:25 [Log] - Verify element visible By.xpath: //span[contains(text(),'Clients')]
[INFO] 02-06-2023 01:02:26 [Log] - Click on element By.xpath: //span[contains(text(),'Clients')]
[INFO] 02-06-2023 01:02:28 [Log] - Verify element visible By.xpath: //a[contains(text(),'Clients')]
[INFO] 02-06-2023 01:02:28 [Log] - Click on element By.xpath: //a[contains(text(),'Clients')]
[INFO] 02-06-2023 01:02:34 [Log] - Verify element visible By.xpath: //a[normalize-space()='Add client']
[INFO] 02-06-2023 01:02:34 [Log] - Click on element By.xpath: //a[normalize-space()='Add client']
[INFO] 02-06-2023 01:02:35 [Log] - Verify element visible By.xpath: //input[@id='company_name']
[INFO] 02-06-2023 01:02:35 [Log] - Set text  on By.xpath: //input[@id='company_name']
[INFO] 02-06-2023 01:02:35 [Log] - Verify element visible By.xpath: //div[@id='s2id_created_by']
[INFO] 02-06-2023 01:02:35 [Log] - Click on element By.xpath: //div[@id='s2id_created_by']
[INFO] 02-06-2023 01:02:36 [Log] - Verify element visible By.xpath: //div[@id='select2-drop']//input
[INFO] 02-06-2023 01:02:36 [Log] - Set text Mark Thomas on By.xpath: //div[@id='select2-drop']//input
[INFO] 02-06-2023 01:02:36 [Log] - Verify element visible By.xpath: (//div[contains(@id,'select2-result-label')])[1]
[INFO] 02-06-2023 01:02:36 [Log] - Click on element By.xpath: (//div[contains(@id,'select2-result-label')])[1]
[INFO] 02-06-2023 01:02:36 [Log] - Verify element visible By.xpath: //textarea[@id='address']
[INFO] 02-06-2023 01:02:36 [Log] - Set text Hưng Yên on By.xpath: //textarea[@id='address']
[INFO] 02-06-2023 01:02:36 [Log] - Verify element visible By.xpath: //input[@id='city']
[INFO] 02-06-2023 01:02:37 [Log] - Set text Hưng Yên on By.xpath: //input[@id='city']
[INFO] 02-06-2023 01:02:37 [Log] - Verify element visible By.xpath: //input[@id='state']
[INFO] 02-06-2023 01:02:37 [Log] - Set text Phương Chiểu on By.xpath: //input[@id='state']
[INFO] 02-06-2023 01:02:37 [Log] - Verify element visible By.xpath: //input[@id='zip']
[INFO] 02-06-2023 01:02:37 [Log] - Set text 870000 on By.xpath: //input[@id='zip']
[INFO] 02-06-2023 01:02:37 [Log] - Verify element visible By.xpath: //input[@id='country']
[INFO] 02-06-2023 01:02:38 [Log] - Set text Viet Nam on By.xpath: //input[@id='country']
[INFO] 02-06-2023 01:02:38 [Log] - Verify element visible By.xpath: //input[@id='phone']
[INFO] 02-06-2023 01:02:38 [Log] - Set text 939206009 on By.xpath: //input[@id='phone']
[INFO] 02-06-2023 01:02:38 [Log] - Verify element visible By.xpath: //input[@id='website']
[INFO] 02-06-2023 01:02:38 [Log] - Set text https://rise.fairsketch.com/ on By.xpath: //input[@id='website']
[INFO] 02-06-2023 01:02:39 [Log] - Scroll to element By.xpath: //input[@id='vat_number']
[INFO] 02-06-2023 01:02:40 [Log] - Set text 10 on By.xpath: //input[@id='vat_number']
[INFO] 02-06-2023 01:02:40 [Log] - Verify element visible By.xpath: (//label[normalize-space()='Client groups']/following-sibling::div//input)[1]
[INFO] 02-06-2023 01:02:40 [Log] - Set text VIP on By.xpath: (//label[normalize-space()='Client groups']/following-sibling::div//input)[1]
[INFO] 02-06-2023 01:02:40 [Log] - Verify element visible By.xpath: //span[@class='select2-match']
[INFO] 02-06-2023 01:02:40 [Log] - Click on element By.xpath: //span[@class='select2-match']
[INFO] 02-06-2023 01:02:40 [Log] - Verify element visible By.xpath: //div[@id='ajaxModalContent']//button[normalize-space()='Save']
[INFO] 02-06-2023 01:02:41 [Log] - Click on element By.xpath: //div[@id='ajaxModalContent']//button[normalize-space()='Save']
[INFO] 02-06-2023 01:02:41 [Log] - Verify element visible By.id: company_name-error
[INFO] 02-06-2023 01:02:42 [Log] - Verify Equals: This field is required. = This field is required.
