[INFO] 08-06-2023 14:28:53 [WebDriverManager] - Using chromedriver 114.0.5735.90 (resolved driver for Chrome 114)
[INFO] 08-06-2023 14:28:53 [WebDriverManager] - Exporting webdriver.chrome.driver as C:\Users\Admin\.cache\selenium\chromedriver\win32\114.0.5735.90\chromedriver.exe
[INFO] 08-06-2023 14:29:07 [Log] - Verify element visible By.id: email
[INFO] 08-06-2023 14:29:07 [Log] - Clear value in textbox By.id: email
[INFO] 08-06-2023 14:29:08 [Log] - Verify element visible By.id: email
[INFO] 08-06-2023 14:29:08 [Log] - Set text admin@demo.com on By.id: email
[INFO] 08-06-2023 14:29:08 [Log] - Verify element visible By.id: password
[INFO] 08-06-2023 14:29:08 [Log] - Clear value in textbox By.id: password
[INFO] 08-06-2023 14:29:08 [Log] - Verify element visible By.id: password
[INFO] 08-06-2023 14:29:08 [Log] - Set text riseDemo on By.id: password
[INFO] 08-06-2023 14:29:08 [Log] - Verify element visible By.xpath: //button[normalize-space()='Sign in']
[INFO] 08-06-2023 14:29:12 [Log] - Click on element By.xpath: //button[normalize-space()='Sign in']
[INFO] 08-06-2023 14:29:14 [Log] - Verify element visible By.xpath: //span[contains(text(),'Clients')]
[INFO] 08-06-2023 14:29:15 [Log] - Click on element By.xpath: //span[contains(text(),'Clients')]
[INFO] 08-06-2023 14:29:17 [Log] - Verify element visible By.xpath: //a[contains(text(),'Clients')]
[INFO] 08-06-2023 14:29:17 [Log] - Click on element By.xpath: //a[contains(text(),'Clients')]
[INFO] 08-06-2023 14:29:21 [Log] - Verify element visible By.xpath: //a[normalize-space()='Add client']
[INFO] 08-06-2023 14:29:21 [Log] - Click on element By.xpath: //a[normalize-space()='Add client']
[INFO] 08-06-2023 14:29:22 [Log] - Verify element visible By.xpath: //input[@id='company_name']
[INFO] 08-06-2023 14:29:22 [Log] - Set text hanh on By.xpath: //input[@id='company_name']
[INFO] 08-06-2023 14:29:22 [Log] - Verify element visible By.xpath: //div[@id='s2id_created_by']
[INFO] 08-06-2023 14:29:23 [Log] - Click on element By.xpath: //div[@id='s2id_created_by']
[INFO] 08-06-2023 14:29:23 [Log] - Verify element visible By.xpath: //div[@id='select2-drop']//input
[INFO] 08-06-2023 14:29:23 [Log] - Set text Mark Thomas on By.xpath: //div[@id='select2-drop']//input
[INFO] 08-06-2023 14:29:23 [Log] - Verify element visible By.xpath: (//div[contains(@id,'select2-result-label')])[1]
[INFO] 08-06-2023 14:29:23 [Log] - Click on element By.xpath: (//div[contains(@id,'select2-result-label')])[1]
[INFO] 08-06-2023 14:29:23 [Log] - Verify element visible By.xpath: //textarea[@id='address']
[INFO] 08-06-2023 14:29:24 [Log] - Set text Hung Yen on By.xpath: //textarea[@id='address']
[INFO] 08-06-2023 14:29:24 [Log] - Verify element visible By.xpath: //input[@id='city']
[INFO] 08-06-2023 14:29:24 [Log] - Set text Hung Yen on By.xpath: //input[@id='city']
[INFO] 08-06-2023 14:29:24 [Log] - Verify element visible By.xpath: //input[@id='state']
[INFO] 08-06-2023 14:29:24 [Log] - Set text Phuong Chieu on By.xpath: //input[@id='state']
[INFO] 08-06-2023 14:29:24 [Log] - Verify element visible By.xpath: //input[@id='zip']
[INFO] 08-06-2023 14:29:24 [Log] - Set text 870000 on By.xpath: //input[@id='zip']
[INFO] 08-06-2023 14:29:25 [Log] - Verify element visible By.xpath: //input[@id='country']
[INFO] 08-06-2023 14:29:25 [Log] - Set text Vietnam on By.xpath: //input[@id='country']
[INFO] 08-06-2023 14:29:25 [Log] - Verify element visible By.xpath: //input[@id='phone']
[INFO] 08-06-2023 14:29:25 [Log] - Set text 0939206009 on By.xpath: //input[@id='phone']
[INFO] 08-06-2023 14:29:25 [Log] - Verify element visible By.xpath: //input[@id='website']
[INFO] 08-06-2023 14:29:25 [Log] - Set text https://rise.fairsketch.com/ on By.xpath: //input[@id='website']
[INFO] 08-06-2023 14:29:27 [Log] - Scroll to element By.xpath: //input[@id='vat_number']
[INFO] 08-06-2023 14:29:27 [Log] - Set text 10 on By.xpath: //input[@id='vat_number']
[INFO] 08-06-2023 14:29:27 [Log] - Verify element visible By.xpath: (//label[normalize-space()='Client groups']/following-sibling::div//input)[1]
[INFO] 08-06-2023 14:29:27 [Log] - Set text VIP on By.xpath: (//label[normalize-space()='Client groups']/following-sibling::div//input)[1]
[INFO] 08-06-2023 14:29:27 [Log] - Verify element visible By.xpath: //span[@class='select2-match']
[INFO] 08-06-2023 14:29:28 [Log] - Click on element By.xpath: //span[@class='select2-match']
[INFO] 08-06-2023 14:29:28 [Log] - Verify element visible By.xpath: //div[@id='ajaxModalContent']//button[normalize-space()='Save']
[INFO] 08-06-2023 14:29:28 [Log] - Click on element By.xpath: //div[@id='ajaxModalContent']//button[normalize-space()='Save']
[INFO] 08-06-2023 14:29:28 [Log] - Driver for Screenshot: ChromeDriver: chrome on WINDOWS (57408d19d1b0958b7983876e1641f3cc)
[INFO] 08-06-2023 14:29:28 [Log] - Screenshot taken: Add client with vaild field
[INFO] 08-06-2023 14:29:28 [Log] - Screenshot taken current URL: https://rise.fairsketch.com/clients
